[THREE NODES - TWO UNSCHEDULABLE]

==== [2021-04-06 11:23:41] Executing the user defined algorithm starts... ====
JupyterHub policy
Current status:
from MiCADO, active JHUB nodes: 1
from MiCADO, required JHUB nodes: 3
from MiCADO, time since required JHUB node count changed: 0
from Prometheus, schedulable  nodes: 1.0
from Prometheus, unschedulable  nodes: 2.0
Checking if policy can be applied...
Applying...
Collecting JHUB nodes and pods information...
Schedulable nodes:
{'notebook-node-172-31-42-38': 4}
least utilised schedulable node: notebook-node-172-31-42-38
pods: 4
Unschedulable nodes:
{'notebook-node-172-31-37-42': 2, 'notebook-node-172-31-43-196': 1}
most utilised unschedulable node: notebook-node-172-31-37-42
pods: 2
No active alerts on Prometheus
No empty nodes
==== [2021-04-06 11:23:41] Executing the user defined algorithm finished. ====




[REMOVING AN EMPTY UNSCHEDULABLE NODE]

==== [2021-04-06 11:24:41] Executing the user defined algorithm starts... ====
JupyterHub policy
Current status:
from MiCADO, active JHUB nodes: 1
from MiCADO, required JHUB nodes: 3
from MiCADO, time since required JHUB node count changed: 0
from Prometheus, schedulable  nodes: 1.0
from Prometheus, unschedulable  nodes: 2.0
Checking if policy can be applied...
Applying...
Collecting JHUB nodes and pods information...
Schedulable nodes:
{'notebook-node-172-31-42-38': 4}
least utilised schedulable node: notebook-node-172-31-42-38
pods: 4
Unschedulable nodes:
{'notebook-node-172-31-37-42': 0, 'notebook-node-172-31-43-196': 1}
most utilised unschedulable node: notebook-node-172-31-43-196
pods: 1
No active alerts on Prometheus
Removing a empty node: notebook-node-172-31-37-42
==== [2021-04-06 11:24:41] Executing the user defined algorithm finished. ====




[TWO NODES - ONE UNSCHEDULABLE]

==== [2021-04-06 11:25:42] Executing the user defined algorithm starts... ====
JupyterHub policy
Current status:
from MiCADO, active JHUB nodes: 1
from MiCADO, required JHUB nodes: 2
from MiCADO, time since required JHUB node count changed: 0
from Prometheus, schedulable  nodes: 1.0
from Prometheus, unschedulable  nodes: 1.0
Checking if policy can be applied...
Applying...
Collecting JHUB nodes and pods information...
Schedulable nodes:
{'notebook-node-172-31-42-38': 4}
least utilised schedulable node: notebook-node-172-31-42-38
pods: 4
Unschedulable nodes:
{'notebook-node-172-31-43-196': 1}
most utilised unschedulable node: notebook-node-172-31-43-196
pods: 1
No active alerts on Prometheus
No empty nodes
==== [2021-04-06 11:25:42] Executing the user defined algorithm finished. ====