[SIX USERS IN ONE NODE]

==== [2021-04-06 10:34:32] Executing the user defined algorithm starts... ====
JupyterHub policy
Current status:
from MiCADO, active JHUB nodes: 1
from MiCADO, required JHUB nodes: 1
from MiCADO, time since required JHUB node count changed: 571656
from Prometheus, schedulable  nodes: 1.0
from Prometheus, unschedulable  nodes: 0.0
Checking if policy can be applied...
Applying...
Collecting JHUB nodes and pods information...
Schedulable nodes:
{'notebook-node-172-31-37-42': 6}
least utilised schedulable node: notebook-node-172-31-37-42
pods: 6
Unschedulable nodes:
{}
No active alerts on Prometheus
No empty nodes
==== [2021-04-06 10:34:32] Executing the user defined algorithm finished. ====




[CAPTURING PROMETHEUS OVERLOADED ALERT AND ADDING A NODE]

==== [2021-04-06 10:34:47] Executing the user defined algorithm starts... ====
JupyterHub policy
Current status:
from MiCADO, active JHUB nodes: 1
from MiCADO, required JHUB nodes: 1
from MiCADO, time since required JHUB node count changed: 571671
from Prometheus, schedulable  nodes: 1.0
from Prometheus, unschedulable  nodes: 0.0
Checking if policy can be applied...
Applying...
Collecting JHUB nodes and pods information...
Schedulable nodes:
{'notebook-node-172-31-37-42': 6}
least utilised schedulable node: notebook-node-172-31-37-42
pods: 6
Unschedulable nodes:
{}
JupyterHub is overloaded
Adding a new node (if not max instances)..
No empty nodes
==== [2021-04-06 10:34:47] Executing the user defined algorithm finished. ====




[WAITING FOR THE NODE TO BE READY]

==== [2021-04-06 10:35:02] Executing the user defined algorithm starts... ====
JupyterHub policy
Current status:
from MiCADO, active JHUB nodes: 1
from MiCADO, required JHUB nodes: 2
from MiCADO, time since required JHUB node count changed: 0
from Prometheus, schedulable  nodes: 1.0
from Prometheus, unschedulable  nodes: 0.0
Checking if policy can be applied...
Transient phase, skipping...
==== [2021-04-06 10:35:02] Executing the user defined algorithm finished. ====




[NODE READY WITH TWO USERS WORKING ON IT (TOTAL USERS = 8)]

==== [2021-04-06 10:38:03] Executing the user defined algorithm starts... ====
JupyterHub policy
Current status:
from MiCADO, active JHUB nodes: 2
from MiCADO, required JHUB nodes: 2
from MiCADO, time since required JHUB node count changed: 0
from Prometheus, schedulable  nodes: 2.0
from Prometheus, unschedulable  nodes: 0.0
Checking if policy can be applied...
Transient phase, skipping...
==== [2021-04-06 10:38:03] Executing the user defined algorithm finished. ====
==== [2021-04-06 10:39:03] Executing the user defined algorithm starts... ====
JupyterHub policy
Current status:
from MiCADO, active JHUB nodes: 2
from MiCADO, required JHUB nodes: 2
from MiCADO, time since required JHUB node count changed: 60
from Prometheus, schedulable  nodes: 2.0
from Prometheus, unschedulable  nodes: 0.0
Checking if policy can be applied...
Transient phase, skipping...
==== [2021-04-06 10:39:03] Executing the user defined algorithm finished. ====
==== [2021-04-06 10:39:18] Executing the user defined algorithm starts... ====
JupyterHub policy
Current status:
from MiCADO, active JHUB nodes: 2
from MiCADO, required JHUB nodes: 2
from MiCADO, time since required JHUB node count changed: 75
from Prometheus, schedulable  nodes: 2.0
from Prometheus, unschedulable  nodes: 0.0
Checking if policy can be applied...
Applying...
Collecting JHUB nodes and pods information...
Schedulable nodes:
{'notebook-node-172-31-37-42': 6, 'notebook-node-172-31-42-38': 2}
least utilised schedulable node: notebook-node-172-31-42-38
pods: 2
Unschedulable nodes:
{}
No active alerts on Prometheus
No empty nodes
==== [2021-04-06 10:39:18] Executing the user defined algorithm finished. ====