[THREE NODES WITH ONE UNSCHEDULABLE NODE]

==== [2021-04-06 11:11:36] Executing the user defined algorithm starts... ====
JupyterHub policy
Current status:
from MiCADO, active JHUB nodes: 2
from MiCADO, required JHUB nodes: 3
from MiCADO, time since required JHUB node count changed: 0
from Prometheus, schedulable  nodes: 2.0
from Prometheus, unschedulable  nodes: 1.0
Checking if policy can be applied...
Applying...
Collecting JHUB nodes and pods information...
Schedulable nodes:
{'notebook-node-172-31-37-42': 2, 'notebook-node-172-31-42-38': 4}
least utilised schedulable node: notebook-node-172-31-37-42
pods: 2
Unschedulable nodes:
{'notebook-node-172-31-43-196': 1}
most utilised unschedulable node: notebook-node-172-31-43-196
pods: 1
No active alerts on Prometheus
No empty nodes
==== [2021-04-06 11:11:36] Executing the user defined algorithm finished. ====




[CAPTURING PROMETHEUS UNDERLOADED ALERT AND MAKING THE LEAST UTILISED NODE NODE USCHEDULABLE]

==== [2021-04-06 11:12:36] Executing the user defined algorithm starts... ====
JupyterHub policy
Current status:
from MiCADO, active JHUB nodes: 2
from MiCADO, required JHUB nodes: 3
from MiCADO, time since required JHUB node count changed: 0
from Prometheus, schedulable  nodes: 2.0
from Prometheus, unschedulable  nodes: 1.0
Checking if policy can be applied...
Applying...
Collecting JHUB nodes and pods information...
Schedulable nodes:
{'notebook-node-172-31-37-42': 2, 'notebook-node-172-31-42-38': 4}
least utilised schedulable node: notebook-node-172-31-37-42
pods: 2
Unschedulable nodes:
{'notebook-node-172-31-43-196': 1}
most utilised unschedulable node: notebook-node-172-31-43-196
pods: 1
JupyterHub is underloaded
Making unschedulable the leas utilised node: notebook-node-172-31-37-42
No empty nodes
==== [2021-04-06 11:12:36] Executing the user defined algorithm finished. ====
==== [2021-04-06 11:12:51] Executing the user defined algorithm starts... ====
JupyterHub policy
Current status:
from MiCADO, active JHUB nodes: 1
from MiCADO, required JHUB nodes: 3
from MiCADO, time since required JHUB node count changed: 0
from Prometheus, schedulable  nodes: 1.0
from Prometheus, unschedulable  nodes: 2.0
Checking if policy can be applied...
Transient phase, skipping...
==== [2021-04-06 11:12:51] Executing the user defined algorithm finished. ====
==== [2021-04-06 11:13:36] Executing the user defined algorithm starts... ====
JupyterHub policy
Current status:
from MiCADO, active JHUB nodes: 1
from MiCADO, required JHUB nodes: 3
from MiCADO, time since required JHUB node count changed: 0
from Prometheus, schedulable  nodes: 1.0
from Prometheus, unschedulable  nodes: 2.0
Checking if policy can be applied...
Applying...
Collecting JHUB nodes and pods information...
Schedulable nodes:
{'notebook-node-172-31-42-38': 4}
least utilised schedulable node: notebook-node-172-31-42-38
pods: 4
Unschedulable nodes:
{'notebook-node-172-31-37-42': 2, 'notebook-node-172-31-43-196': 1}
most utilised unschedulable node: notebook-node-172-31-37-42
pods: 2
No active alerts on Prometheus
No empty nodes
==== [2021-04-06 11:13:37] Executing the user defined algorithm finished. ====




[CAPTURING PROMETHEUS OVERRLOADED ALERT AND MAKING THE MOST UTILISED NODE  SCHEDULABLE]


==== [2021-04-06 11:15:37] Executing the user defined algorithm starts... ====
JupyterHub policy
Current status:
from MiCADO, active JHUB nodes: 1
from MiCADO, required JHUB nodes: 3
from MiCADO, time since required JHUB node count changed: 0
from Prometheus, schedulable  nodes: 1.0
from Prometheus, unschedulable  nodes: 2.0
Checking if policy can be applied...
Applying...
Collecting JHUB nodes and pods information...
Schedulable nodes:
{'notebook-node-172-31-42-38': 6}
least utilised schedulable node: notebook-node-172-31-42-38
pods: 6
Unschedulable nodes:
{'notebook-node-172-31-37-42': 2, 'notebook-node-172-31-43-196': 1}
most utilised unschedulable node: notebook-node-172-31-37-42
pods: 2
JupyterHub is overloaded
notebook-node-172-31-37-42
Making schedulable the most utilised unschedulable node: notebook-node-172-31-37-42
{'notebook-node-172-31-43-196': 1}
No empty nodes
==== [2021-04-06 11:15:37] Executing the user defined algorithm finished. ====
==== [2021-04-06 11:16:38] Executing the user defined algorithm starts... ====
JupyterHub policy
Current status:
from MiCADO, active JHUB nodes: 2
from MiCADO, required JHUB nodes: 3
from MiCADO, time since required JHUB node count changed: 0
from Prometheus, schedulable  nodes: 2.0
from Prometheus, unschedulable  nodes: 1.0
Checking if policy can be applied...
Applying...
Collecting JHUB nodes and pods information...
Schedulable nodes:
{'notebook-node-172-31-37-42': 2, 'notebook-node-172-31-42-38': 6}
least utilised schedulable node: notebook-node-172-31-37-42
pods: 2
Unschedulable nodes:
{'notebook-node-172-31-43-196': 1}
most utilised unschedulable node: notebook-node-172-31-43-196
pods: 1
No active alerts on Prometheus
No empty nodes
==== [2021-04-06 11:16:38] Executing the user defined algorithm finished. ====

